Traceback (most recent call last):
  File "/Users/victorgallego/miniforge3/lib/python3.9/site-packages/jupyter_cache/executors/utils.py", line 58, in single_nb_execution
    executenb(
  File "/Users/victorgallego/miniforge3/lib/python3.9/site-packages/nbclient/client.py", line 1093, in execute
    return NotebookClient(nb=nb, resources=resources, km=km, **kwargs).execute()
  File "/Users/victorgallego/miniforge3/lib/python3.9/site-packages/nbclient/util.py", line 84, in wrapped
    return just_run(coro(*args, **kwargs))
  File "/Users/victorgallego/miniforge3/lib/python3.9/site-packages/nbclient/util.py", line 62, in just_run
    return loop.run_until_complete(coro)
  File "/Users/victorgallego/miniforge3/lib/python3.9/asyncio/base_events.py", line 642, in run_until_complete
    return future.result()
  File "/Users/victorgallego/miniforge3/lib/python3.9/site-packages/nbclient/client.py", line 559, in async_execute
    await self.async_execute_cell(
  File "/Users/victorgallego/miniforge3/lib/python3.9/site-packages/nbclient/client.py", line 854, in async_execute_cell
    self._check_raise_for_error(cell, exec_reply)
  File "/Users/victorgallego/miniforge3/lib/python3.9/site-packages/nbclient/client.py", line 756, in _check_raise_for_error
    raise CellExecutionError.from_cell_and_msg(cell, exec_reply_content)
nbclient.exceptions.CellExecutionError: An error occurred while executing the following cell:
------------------
import pandas as pd
import umap
import umap.plot

# Used to get the data
from sklearn.datasets import fetch_20newsgroups
from sklearn.feature_extraction.text import CountVectorizer, TfidfVectorizer

# Some plotting libraries
import matplotlib.pyplot as plt
%matplotlib notebook
from bokeh.plotting import show, save, output_notebook, output_file
from bokeh.resources import INLINE
output_notebook(resources=INLINE)
------------------

[0;31m---------------------------------------------------------------------------[0m
[0;31mSystemError[0m                               Traceback (most recent call last)
[0;32m/var/folders/l_/k13w4mhd5hv4bddxwqz8qdfw0000gn/T/ipykernel_4759/1917821940.py[0m in [0;36m<module>[0;34m[0m
[1;32m      1[0m [0;32mimport[0m [0mpandas[0m [0;32mas[0m [0mpd[0m[0;34m[0m[0;34m[0m[0m
[0;32m----> 2[0;31m [0;32mimport[0m [0mumap[0m[0;34m[0m[0;34m[0m[0m
[0m[1;32m      3[0m [0;32mimport[0m [0mumap[0m[0;34m.[0m[0mplot[0m[0;34m[0m[0;34m[0m[0m
[1;32m      4[0m [0;34m[0m[0m
[1;32m      5[0m [0;31m# Used to get the data[0m[0;34m[0m[0;34m[0m[0m

[0;32m~/miniforge3/lib/python3.9/site-packages/umap/__init__.py[0m in [0;36m<module>[0;34m[0m
[1;32m      1[0m [0;32mfrom[0m [0mwarnings[0m [0;32mimport[0m [0mwarn[0m[0;34m,[0m [0mcatch_warnings[0m[0;34m,[0m [0msimplefilter[0m[0;34m[0m[0;34m[0m[0m
[0;32m----> 2[0;31m [0;32mfrom[0m [0;34m.[0m[0mumap_[0m [0;32mimport[0m [0mUMAP[0m[0;34m[0m[0;34m[0m[0m
[0m[1;32m      3[0m [0;34m[0m[0m
[1;32m      4[0m [0;32mtry[0m[0;34m:[0m[0;34m[0m[0;34m[0m[0m
[1;32m      5[0m     [0;32mwith[0m [0mcatch_warnings[0m[0;34m([0m[0;34m)[0m[0;34m:[0m[0;34m[0m[0;34m[0m[0m

[0;32m~/miniforge3/lib/python3.9/site-packages/umap/umap_.py[0m in [0;36m<module>[0;34m[0m
[1;32m     27[0m [0;32mfrom[0m [0mscipy[0m[0;34m.[0m[0msparse[0m [0;32mimport[0m [0mtril[0m [0;32mas[0m [0msparse_tril[0m[0;34m,[0m [0mtriu[0m [0;32mas[0m [0msparse_triu[0m[0;34m[0m[0;34m[0m[0m
[1;32m     28[0m [0;32mimport[0m [0mscipy[0m[0;34m.[0m[0msparse[0m[0;34m.[0m[0mcsgraph[0m[0;34m[0m[0;34m[0m[0m
[0;32m---> 29[0;31m [0;32mimport[0m [0mnumba[0m[0;34m[0m[0;34m[0m[0m
[0m[1;32m     30[0m [0;34m[0m[0m
[1;32m     31[0m [0;32mimport[0m [0mumap[0m[0;34m.[0m[0mdistances[0m [0;32mas[0m [0mdist[0m[0;34m[0m[0;34m[0m[0m

[0;32m~/miniforge3/lib/python3.9/site-packages/numba/__init__.py[0m in [0;36m<module>[0;34m[0m
[1;32m     40[0m [0;34m[0m[0m
[1;32m     41[0m [0;31m# Re-export vectorize decorators and the thread layer querying function[0m[0;34m[0m[0;34m[0m[0m
[0;32m---> 42[0;31m from numba.np.ufunc import (vectorize, guvectorize, threading_layer,
[0m[1;32m     43[0m                             get_num_threads, set_num_threads)
[1;32m     44[0m [0;34m[0m[0m

[0;32m~/miniforge3/lib/python3.9/site-packages/numba/np/ufunc/__init__.py[0m in [0;36m<module>[0;34m[0m
[1;32m      1[0m [0;31m# -*- coding: utf-8 -*-[0m[0;34m[0m[0;34m[0m[0m
[1;32m      2[0m [0;34m[0m[0m
[0;32m----> 3[0;31m [0;32mfrom[0m [0mnumba[0m[0;34m.[0m[0mnp[0m[0;34m.[0m[0mufunc[0m[0;34m.[0m[0mdecorators[0m [0;32mimport[0m [0mVectorize[0m[0;34m,[0m [0mGUVectorize[0m[0;34m,[0m [0mvectorize[0m[0;34m,[0m [0mguvectorize[0m[0;34m[0m[0;34m[0m[0m
[0m[1;32m      4[0m [0;32mfrom[0m [0mnumba[0m[0;34m.[0m[0mnp[0m[0;34m.[0m[0mufunc[0m[0;34m.[0m[0m_internal[0m [0;32mimport[0m [0mPyUFunc_None[0m[0;34m,[0m [0mPyUFunc_Zero[0m[0;34m,[0m [0mPyUFunc_One[0m[0;34m[0m[0;34m[0m[0m
[1;32m      5[0m [0;32mfrom[0m [0mnumba[0m[0;34m.[0m[0mnp[0m[0;34m.[0m[0mufunc[0m [0;32mimport[0m [0m_internal[0m[0;34m,[0m [0marray_exprs[0m[0;34m[0m[0;34m[0m[0m

[0;32m~/miniforge3/lib/python3.9/site-packages/numba/np/ufunc/decorators.py[0m in [0;36m<module>[0;34m[0m
[1;32m      1[0m [0;32mimport[0m [0minspect[0m[0;34m[0m[0;34m[0m[0m
[1;32m      2[0m [0;34m[0m[0m
[0;32m----> 3[0;31m [0;32mfrom[0m [0mnumba[0m[0;34m.[0m[0mnp[0m[0;34m.[0m[0mufunc[0m [0;32mimport[0m [0m_internal[0m[0;34m[0m[0;34m[0m[0m
[0m[1;32m      4[0m [0;32mfrom[0m [0mnumba[0m[0;34m.[0m[0mnp[0m[0;34m.[0m[0mufunc[0m[0;34m.[0m[0mparallel[0m [0;32mimport[0m [0mParallelUFuncBuilder[0m[0;34m,[0m [0mParallelGUFuncBuilder[0m[0;34m[0m[0;34m[0m[0m
[1;32m      5[0m [0;34m[0m[0m

[0;31mSystemError[0m: initialization of _internal failed without raising an exception
SystemError: initialization of _internal failed without raising an exception

